Using config "configs/ep100_57sp_ahorflip0.5_lr1e-2_snone_orig.yaml"
WARNING: device set to "cuda" but CUDA not available; falling back to CPU...
/home/home01/bssbf/cv4e_cagedbird_ID/data2/train2.json
length of annotations
5096
{'id': 4286, 'image_id': 4286, 'category_id': 7, 'iscrowd': 0, 'segmentation': [], 'area': 73528}
Print the length of the dataset
5096
tensor([21, 40,  9, 26, 27, 22, 53, 53, 25, 10, 18, 22, 36, 54, 31, 53, 44, 37,
        38, 39, 51, 20, 36, 18, 25, 34,  7, 42, 12, 41, 29, 36, 43, 33,  4, 27,
        38, 49,  0, 27, 42, 43, 36, 28, 38, 17, 36, 25, 44,  8, 36,  9, 22, 46,
        51, 44, 20, 27, 46, 44, 28, 30, 26, 44, 54, 43, 36, 36, 11, 50, 44, 21,
        53, 46, 55, 42,  0, 51, 31,  4, 21, 14, 36, 16, 25, 40, 15, 37, 11, 46,
        12,  0, 23, 52, 11, 37, 25, 26, 44, 24, 15, 35, 30, 35, 31, 33, 18, 26,
        10, 52, 42, 45, 31, 49, 20, 46, 32,  1,  2,  2, 55,  5, 50, 18, 44, 25,
        20, 47])
/home/home01/bssbf/cv4e_cagedbird_ID/data2/val2.json
length of annotations
1275
Print the length of the dataset
1275
Length of training dataloader
Starting new model
Epoch 1/100
Model saved as latest.pt at epoch 1
Experiment Key: e40a2ff61eef42aab0bd5a5db6a392c2
Epoch 2/100
Model saved as latest.pt at epoch 2
Experiment Key: e40a2ff61eef42aab0bd5a5db6a392c2
Epoch 3/100
Model saved as latest.pt at epoch 3
Experiment Key: e40a2ff61eef42aab0bd5a5db6a392c2
Epoch 4/100
Model saved as latest.pt at epoch 4
Experiment Key: e40a2ff61eef42aab0bd5a5db6a392c2
Epoch 5/100
Model saved as latest.pt at epoch 5
Experiment Key: e40a2ff61eef42aab0bd5a5db6a392c2
Epoch 6/100
Model saved as latest.pt at epoch 6
Experiment Key: e40a2ff61eef42aab0bd5a5db6a392c2
Epoch 7/100
Model saved as latest.pt at epoch 7
Experiment Key: e40a2ff61eef42aab0bd5a5db6a392c2
Epoch 8/100
Model saved as latest.pt at epoch 8
Experiment Key: e40a2ff61eef42aab0bd5a5db6a392c2
Epoch 9/100
Model saved as latest.pt at epoch 9
Experiment Key: e40a2ff61eef42aab0bd5a5db6a392c2
Epoch 10/100
Model saved as latest.pt at epoch 10
Experiment Key: e40a2ff61eef42aab0bd5a5db6a392c2
Epoch 11/100
Model saved as latest.pt at epoch 11
Experiment Key: e40a2ff61eef42aab0bd5a5db6a392c2
Epoch 12/100
Model saved as latest.pt at epoch 12
Experiment Key: e40a2ff61eef42aab0bd5a5db6a392c2
Epoch 13/100
Model saved as latest.pt at epoch 13
Experiment Key: e40a2ff61eef42aab0bd5a5db6a392c2
Epoch 14/100
Model saved as latest.pt at epoch 14
Experiment Key: e40a2ff61eef42aab0bd5a5db6a392c2
Epoch 15/100
Model saved as latest.pt at epoch 15
Experiment Key: e40a2ff61eef42aab0bd5a5db6a392c2
Epoch 16/100
Model saved as latest.pt at epoch 16
Experiment Key: e40a2ff61eef42aab0bd5a5db6a392c2
Epoch 17/100
Model saved as latest.pt at epoch 17
Experiment Key: e40a2ff61eef42aab0bd5a5db6a392c2
Epoch 18/100
Model saved as latest.pt at epoch 18
Experiment Key: e40a2ff61eef42aab0bd5a5db6a392c2
Epoch 19/100
Model saved as latest.pt at epoch 19
Experiment Key: e40a2ff61eef42aab0bd5a5db6a392c2
Epoch 20/100
Model saved as latest.pt at epoch 20
Experiment Key: e40a2ff61eef42aab0bd5a5db6a392c2
Epoch 21/100
Model saved as latest.pt at epoch 21
Experiment Key: e40a2ff61eef42aab0bd5a5db6a392c2
Epoch 22/100
Model saved as latest.pt at epoch 22
Experiment Key: e40a2ff61eef42aab0bd5a5db6a392c2
Epoch 23/100
Model saved as latest.pt at epoch 23
Experiment Key: e40a2ff61eef42aab0bd5a5db6a392c2
Epoch 24/100
Model saved as latest.pt at epoch 24
Experiment Key: e40a2ff61eef42aab0bd5a5db6a392c2
Epoch 25/100
Model saved as latest.pt at epoch 25
Experiment Key: e40a2ff61eef42aab0bd5a5db6a392c2
Epoch 26/100
Model saved as latest.pt at epoch 26
Experiment Key: e40a2ff61eef42aab0bd5a5db6a392c2
Epoch 27/100
Model saved as latest.pt at epoch 27
Experiment Key: e40a2ff61eef42aab0bd5a5db6a392c2
Epoch 28/100
Model saved as latest.pt at epoch 28
Experiment Key: e40a2ff61eef42aab0bd5a5db6a392c2
Epoch 29/100
Model saved as latest.pt at epoch 29
Experiment Key: e40a2ff61eef42aab0bd5a5db6a392c2
Epoch 30/100
Model saved as latest.pt at epoch 30
Experiment Key: e40a2ff61eef42aab0bd5a5db6a392c2
Epoch 31/100
Model saved as latest.pt at epoch 31
Experiment Key: e40a2ff61eef42aab0bd5a5db6a392c2
Epoch 32/100
Model saved as latest.pt at epoch 32
Experiment Key: e40a2ff61eef42aab0bd5a5db6a392c2
Epoch 33/100
Model saved as latest.pt at epoch 33
Experiment Key: e40a2ff61eef42aab0bd5a5db6a392c2
Epoch 34/100
Model saved as latest.pt at epoch 34
Experiment Key: e40a2ff61eef42aab0bd5a5db6a392c2
Epoch 35/100
Model saved as latest.pt at epoch 35
Experiment Key: e40a2ff61eef42aab0bd5a5db6a392c2
Epoch 36/100
Model saved as latest.pt at epoch 36
Experiment Key: e40a2ff61eef42aab0bd5a5db6a392c2
Epoch 37/100
Model saved as latest.pt at epoch 37
Experiment Key: e40a2ff61eef42aab0bd5a5db6a392c2
Epoch 38/100
Model saved as latest.pt at epoch 38
Experiment Key: e40a2ff61eef42aab0bd5a5db6a392c2
Epoch 39/100
Model saved as latest.pt at epoch 39
Experiment Key: e40a2ff61eef42aab0bd5a5db6a392c2
Epoch 40/100
Model saved as latest.pt at epoch 40
Experiment Key: e40a2ff61eef42aab0bd5a5db6a392c2
Epoch 41/100
Model saved as latest.pt at epoch 41
Experiment Key: e40a2ff61eef42aab0bd5a5db6a392c2
Epoch 42/100
Model saved as latest.pt at epoch 42
Experiment Key: e40a2ff61eef42aab0bd5a5db6a392c2
Epoch 43/100
Model saved as latest.pt at epoch 43
Experiment Key: e40a2ff61eef42aab0bd5a5db6a392c2
Epoch 44/100
Model saved as latest.pt at epoch 44
Experiment Key: e40a2ff61eef42aab0bd5a5db6a392c2
Epoch 45/100
Model saved as latest.pt at epoch 45
Experiment Key: e40a2ff61eef42aab0bd5a5db6a392c2
Epoch 46/100
Model saved as latest.pt at epoch 46
Experiment Key: e40a2ff61eef42aab0bd5a5db6a392c2
Epoch 47/100
Model saved as latest.pt at epoch 47
Experiment Key: e40a2ff61eef42aab0bd5a5db6a392c2
Epoch 48/100
Model saved as latest.pt at epoch 48
Experiment Key: e40a2ff61eef42aab0bd5a5db6a392c2
Epoch 49/100
Model saved as latest.pt at epoch 49
Experiment Key: e40a2ff61eef42aab0bd5a5db6a392c2
Epoch 50/100
Model saved as latest.pt at epoch 50
Experiment Key: e40a2ff61eef42aab0bd5a5db6a392c2
Epoch 51/100
Model saved as latest.pt at epoch 51
Experiment Key: e40a2ff61eef42aab0bd5a5db6a392c2
Epoch 52/100
Model saved as latest.pt at epoch 52
Experiment Key: e40a2ff61eef42aab0bd5a5db6a392c2
Epoch 53/100
Model saved as latest.pt at epoch 53
Experiment Key: e40a2ff61eef42aab0bd5a5db6a392c2
Epoch 54/100
Model saved as latest.pt at epoch 54
Experiment Key: e40a2ff61eef42aab0bd5a5db6a392c2
Epoch 55/100
Model saved as latest.pt at epoch 55
Experiment Key: e40a2ff61eef42aab0bd5a5db6a392c2
Epoch 56/100
Model saved as latest.pt at epoch 56
Experiment Key: e40a2ff61eef42aab0bd5a5db6a392c2
Epoch 57/100
Model saved as latest.pt at epoch 57
Experiment Key: e40a2ff61eef42aab0bd5a5db6a392c2
Epoch 58/100
Model saved as latest.pt at epoch 58
Experiment Key: e40a2ff61eef42aab0bd5a5db6a392c2
Epoch 59/100
Model saved as latest.pt at epoch 59
Experiment Key: e40a2ff61eef42aab0bd5a5db6a392c2
Epoch 60/100
Model saved as latest.pt at epoch 60
Experiment Key: e40a2ff61eef42aab0bd5a5db6a392c2
Epoch 61/100
Model saved as latest.pt at epoch 61
Experiment Key: e40a2ff61eef42aab0bd5a5db6a392c2
Epoch 62/100
Model saved as latest.pt at epoch 62
Experiment Key: e40a2ff61eef42aab0bd5a5db6a392c2
Epoch 63/100
Model saved as latest.pt at epoch 63
Experiment Key: e40a2ff61eef42aab0bd5a5db6a392c2
Epoch 64/100
Model saved as latest.pt at epoch 64
Experiment Key: e40a2ff61eef42aab0bd5a5db6a392c2
Epoch 65/100
Model saved as latest.pt at epoch 65
Experiment Key: e40a2ff61eef42aab0bd5a5db6a392c2
Epoch 66/100
Model saved as latest.pt at epoch 66
Experiment Key: e40a2ff61eef42aab0bd5a5db6a392c2
Epoch 67/100
Model saved as latest.pt at epoch 67
Experiment Key: e40a2ff61eef42aab0bd5a5db6a392c2
Epoch 68/100
Model saved as latest.pt at epoch 68
Experiment Key: e40a2ff61eef42aab0bd5a5db6a392c2
Epoch 69/100
Model saved as latest.pt at epoch 69
Experiment Key: e40a2ff61eef42aab0bd5a5db6a392c2
Epoch 70/100
Model saved as latest.pt at epoch 70
Experiment Key: e40a2ff61eef42aab0bd5a5db6a392c2
Epoch 71/100
Model saved as latest.pt at epoch 71
Experiment Key: e40a2ff61eef42aab0bd5a5db6a392c2
Epoch 72/100
Model saved as latest.pt at epoch 72
Experiment Key: e40a2ff61eef42aab0bd5a5db6a392c2
Epoch 73/100
Model saved as latest.pt at epoch 73
Experiment Key: e40a2ff61eef42aab0bd5a5db6a392c2
Epoch 74/100
Model saved as latest.pt at epoch 74
Experiment Key: e40a2ff61eef42aab0bd5a5db6a392c2
Epoch 75/100
Model saved as latest.pt at epoch 75
Experiment Key: e40a2ff61eef42aab0bd5a5db6a392c2
Epoch 76/100
Model saved as latest.pt at epoch 76
Experiment Key: e40a2ff61eef42aab0bd5a5db6a392c2
Epoch 77/100
Model saved as latest.pt at epoch 77
Experiment Key: e40a2ff61eef42aab0bd5a5db6a392c2
Epoch 78/100
Model saved as latest.pt at epoch 78
Experiment Key: e40a2ff61eef42aab0bd5a5db6a392c2
Epoch 79/100
Model saved as latest.pt at epoch 79
Experiment Key: e40a2ff61eef42aab0bd5a5db6a392c2
Epoch 80/100
Model saved as latest.pt at epoch 80
Experiment Key: e40a2ff61eef42aab0bd5a5db6a392c2
Epoch 81/100
Model saved as latest.pt at epoch 81
Experiment Key: e40a2ff61eef42aab0bd5a5db6a392c2
Epoch 82/100
Model saved as latest.pt at epoch 82
Experiment Key: e40a2ff61eef42aab0bd5a5db6a392c2
Epoch 83/100
Model saved as latest.pt at epoch 83
Experiment Key: e40a2ff61eef42aab0bd5a5db6a392c2
Epoch 84/100
Model saved as latest.pt at epoch 84
Experiment Key: e40a2ff61eef42aab0bd5a5db6a392c2
Epoch 85/100
Model saved as latest.pt at epoch 85
Experiment Key: e40a2ff61eef42aab0bd5a5db6a392c2
Epoch 86/100
Model saved as latest.pt at epoch 86
Experiment Key: e40a2ff61eef42aab0bd5a5db6a392c2
Epoch 87/100
Model saved as latest.pt at epoch 87
Experiment Key: e40a2ff61eef42aab0bd5a5db6a392c2
Epoch 88/100
Model saved as latest.pt at epoch 88
Experiment Key: e40a2ff61eef42aab0bd5a5db6a392c2
Epoch 89/100
Model saved as latest.pt at epoch 89
Experiment Key: e40a2ff61eef42aab0bd5a5db6a392c2
Epoch 90/100
Model saved as latest.pt at epoch 90
Experiment Key: e40a2ff61eef42aab0bd5a5db6a392c2
Epoch 91/100
Model saved as latest.pt at epoch 91
Experiment Key: e40a2ff61eef42aab0bd5a5db6a392c2
Epoch 92/100
Model saved as latest.pt at epoch 92
Experiment Key: e40a2ff61eef42aab0bd5a5db6a392c2
Epoch 93/100
Model saved as latest.pt at epoch 93
Experiment Key: e40a2ff61eef42aab0bd5a5db6a392c2
Epoch 94/100
Model saved as latest.pt at epoch 94
Experiment Key: e40a2ff61eef42aab0bd5a5db6a392c2
Epoch 95/100
Model saved as latest.pt at epoch 95
Experiment Key: e40a2ff61eef42aab0bd5a5db6a392c2
Epoch 96/100
Model saved as latest.pt at epoch 96
Experiment Key: e40a2ff61eef42aab0bd5a5db6a392c2
Epoch 97/100
Model saved as latest.pt at epoch 97
Experiment Key: e40a2ff61eef42aab0bd5a5db6a392c2
Epoch 98/100
Model saved as latest.pt at epoch 98
Experiment Key: e40a2ff61eef42aab0bd5a5db6a392c2
Epoch 99/100
Model saved as latest.pt at epoch 99
Experiment Key: e40a2ff61eef42aab0bd5a5db6a392c2
Epoch 100/100
Model saved as latest.pt at epoch 100
Experiment Key: e40a2ff61eef42aab0bd5a5db6a392c2
