Using config "configs/exp_resnet18.yaml"
length of annotations
4178
{'id': 4286, 'image_id': 4286, 'category_id': 24, 'iscrowd': 0, 'segmentation': [], 'area': 7171710}
Print the length of the dataset
4178
tensor([21, 17, 13, 15,  3, 10, 28, 12, 15, 16, 21, 24, 15, 17, 23, 17, 15, 21,
        23, 12, 20, 24, 13, 20, 17, 13, 22, 17, 21, 22, 24,  0, 17, 27, 22, 22,
        15,  0, 21, 12, 16,  0, 24,  9, 27, 22, 24,  3, 27, 19, 13, 23, 26,  2,
        20, 15, 20, 18,  7, 28,  6, 28,  0, 20, 16, 23, 17,  5,  7, 15, 11, 11,
         8, 24, 28, 10, 25,  5, 10, 28, 23, 21,  1, 15, 21, 23, 28, 19, 15, 15,
        24, 12, 26,  2, 12, 23, 20, 17, 24,  7,  6, 28, 25, 15, 25,  4, 24,  4,
        10, 24, 20,  1, 15, 12, 28,  8, 10, 22, 28,  5,  7, 21, 13, 11, 17, 21,
         4, 28])
length of annotations
1045
Print the length of the dataset
1045
Length of training dataloader
Starting new model
Epoch 1/50
Experiment Key: 720c09bf5360404cb2f0a7db41834d09
Epoch 2/50
Experiment Key: 720c09bf5360404cb2f0a7db41834d09
Epoch 3/50
Experiment Key: 720c09bf5360404cb2f0a7db41834d09
Epoch 4/50
Experiment Key: 720c09bf5360404cb2f0a7db41834d09
Epoch 5/50
Experiment Key: 720c09bf5360404cb2f0a7db41834d09
Epoch 6/50
Experiment Key: 720c09bf5360404cb2f0a7db41834d09
Epoch 7/50
Experiment Key: 720c09bf5360404cb2f0a7db41834d09
Epoch 8/50
Experiment Key: 720c09bf5360404cb2f0a7db41834d09
Epoch 9/50
Experiment Key: 720c09bf5360404cb2f0a7db41834d09
Epoch 10/50
Experiment Key: 720c09bf5360404cb2f0a7db41834d09
Epoch 11/50
Experiment Key: 720c09bf5360404cb2f0a7db41834d09
Epoch 12/50
Experiment Key: 720c09bf5360404cb2f0a7db41834d09
Epoch 13/50
Experiment Key: 720c09bf5360404cb2f0a7db41834d09
Epoch 14/50
Experiment Key: 720c09bf5360404cb2f0a7db41834d09
Epoch 15/50
Experiment Key: 720c09bf5360404cb2f0a7db41834d09
Epoch 16/50
Experiment Key: 720c09bf5360404cb2f0a7db41834d09
Epoch 17/50
Experiment Key: 720c09bf5360404cb2f0a7db41834d09
Epoch 18/50
Experiment Key: 720c09bf5360404cb2f0a7db41834d09
Epoch 19/50
Experiment Key: 720c09bf5360404cb2f0a7db41834d09
Epoch 20/50
Experiment Key: 720c09bf5360404cb2f0a7db41834d09
Epoch 21/50
Experiment Key: 720c09bf5360404cb2f0a7db41834d09
Epoch 22/50
Experiment Key: 720c09bf5360404cb2f0a7db41834d09
Epoch 23/50
Experiment Key: 720c09bf5360404cb2f0a7db41834d09
Epoch 24/50
Experiment Key: 720c09bf5360404cb2f0a7db41834d09
Epoch 25/50
Experiment Key: 720c09bf5360404cb2f0a7db41834d09
Epoch 26/50
Experiment Key: 720c09bf5360404cb2f0a7db41834d09
Epoch 27/50
Experiment Key: 720c09bf5360404cb2f0a7db41834d09
Epoch 28/50
Experiment Key: 720c09bf5360404cb2f0a7db41834d09
Epoch 29/50
Experiment Key: 720c09bf5360404cb2f0a7db41834d09
Epoch 30/50
Experiment Key: 720c09bf5360404cb2f0a7db41834d09
Epoch 31/50
Experiment Key: 720c09bf5360404cb2f0a7db41834d09
Epoch 32/50
Experiment Key: 720c09bf5360404cb2f0a7db41834d09
Epoch 33/50
Experiment Key: 720c09bf5360404cb2f0a7db41834d09
Epoch 34/50
Experiment Key: 720c09bf5360404cb2f0a7db41834d09
Epoch 35/50
Experiment Key: 720c09bf5360404cb2f0a7db41834d09
Epoch 36/50
Experiment Key: 720c09bf5360404cb2f0a7db41834d09
Epoch 37/50
Experiment Key: 720c09bf5360404cb2f0a7db41834d09
Epoch 38/50
Experiment Key: 720c09bf5360404cb2f0a7db41834d09
Epoch 39/50
Experiment Key: 720c09bf5360404cb2f0a7db41834d09
Epoch 40/50
Experiment Key: 720c09bf5360404cb2f0a7db41834d09
Epoch 41/50
Experiment Key: 720c09bf5360404cb2f0a7db41834d09
Epoch 42/50
Experiment Key: 720c09bf5360404cb2f0a7db41834d09
Epoch 43/50
Experiment Key: 720c09bf5360404cb2f0a7db41834d09
Epoch 44/50
Experiment Key: 720c09bf5360404cb2f0a7db41834d09
Epoch 45/50
Experiment Key: 720c09bf5360404cb2f0a7db41834d09
Epoch 46/50
Experiment Key: 720c09bf5360404cb2f0a7db41834d09
Epoch 47/50
Experiment Key: 720c09bf5360404cb2f0a7db41834d09
Epoch 48/50
Experiment Key: 720c09bf5360404cb2f0a7db41834d09
Epoch 49/50
Experiment Key: 720c09bf5360404cb2f0a7db41834d09
Epoch 50/50
Experiment Key: 720c09bf5360404cb2f0a7db41834d09
