Using config "configs/ep50_56sp_anone_lr1e-3_snone_orig.yaml"
WARNING: device set to "cuda" but CUDA not available; falling back to CPU...
/home/home01/bssbf/cv4e_cagedbird_ID/data2/train.json
length of annotations
4971
{'id': 4286, 'image_id': 4286, 'category_id': 7, 'iscrowd': 0, 'segmentation': [], 'area': 73528}
Print the length of the dataset
4971
tensor([11, 22,  3, 42, 22, 49, 12,  4, 18, 32, 18, 22, 24, 32, 23,  8, 36,  6,
        27, 35, 26, 35, 27, 51, 40, 41, 35, 22, 27, 33, 23, 34, 16,  3, 52, 49,
         0, 43, 27, 18, 39, 44, 11, 20, 21, 11,  9,  0, 55, 55, 35, 43, 46, 54,
        35,  4, 22, 51,  5, 31, 37, 14,  7,  7, 47, 45,  7, 40, 52, 22,  2, 55,
        14, 48, 34,  3, 17, 49,  4, 34, 36, 44, 10,  2, 54, 15, 38, 12, 23, 11,
        49, 44, 40,  1, 45, 52, 36, 10, 41, 29, 26, 10, 54, 51,  2, 22, 53, 46,
        36, 46, 44, 21, 42, 15, 22, 41, 15, 16, 10, 10, 12, 21,  3, 20, 54,  0,
        52, 33])
/home/home01/bssbf/cv4e_cagedbird_ID/data2/val.json
length of annotations
1243
Print the length of the dataset
1243
Length of training dataloader
Starting new model
Epoch 1/50
Model saved as latest.pt at epoch 1
Experiment Key: f4128137066c415ea51ea3b15bdab531
Epoch 2/50
Model saved as latest.pt at epoch 2
Experiment Key: f4128137066c415ea51ea3b15bdab531
Epoch 3/50
Model saved as latest.pt at epoch 3
Experiment Key: f4128137066c415ea51ea3b15bdab531
Epoch 4/50
Model saved as latest.pt at epoch 4
Experiment Key: f4128137066c415ea51ea3b15bdab531
Epoch 5/50
Model saved as latest.pt at epoch 5
Experiment Key: f4128137066c415ea51ea3b15bdab531
Epoch 6/50
Model saved as latest.pt at epoch 6
Experiment Key: f4128137066c415ea51ea3b15bdab531
Epoch 7/50
Model saved as latest.pt at epoch 7
Experiment Key: f4128137066c415ea51ea3b15bdab531
Epoch 8/50
Model saved as latest.pt at epoch 8
Experiment Key: f4128137066c415ea51ea3b15bdab531
Epoch 9/50
Model saved as latest.pt at epoch 9
Experiment Key: f4128137066c415ea51ea3b15bdab531
Epoch 10/50
Model saved as latest.pt at epoch 10
Experiment Key: f4128137066c415ea51ea3b15bdab531
Epoch 11/50
Model saved as latest.pt at epoch 11
Experiment Key: f4128137066c415ea51ea3b15bdab531
Epoch 12/50
Model saved as latest.pt at epoch 12
Experiment Key: f4128137066c415ea51ea3b15bdab531
Epoch 13/50
Model saved as latest.pt at epoch 13
Experiment Key: f4128137066c415ea51ea3b15bdab531
Epoch 14/50
Model saved as latest.pt at epoch 14
Experiment Key: f4128137066c415ea51ea3b15bdab531
Epoch 15/50
Model saved as latest.pt at epoch 15
Experiment Key: f4128137066c415ea51ea3b15bdab531
Epoch 16/50
Model saved as latest.pt at epoch 16
Experiment Key: f4128137066c415ea51ea3b15bdab531
Epoch 17/50
Model saved as latest.pt at epoch 17
Experiment Key: f4128137066c415ea51ea3b15bdab531
Epoch 18/50
Model saved as latest.pt at epoch 18
Experiment Key: f4128137066c415ea51ea3b15bdab531
Epoch 19/50
Model saved as latest.pt at epoch 19
Experiment Key: f4128137066c415ea51ea3b15bdab531
Epoch 20/50
Model saved as latest.pt at epoch 20
Experiment Key: f4128137066c415ea51ea3b15bdab531
Epoch 21/50
Model saved as latest.pt at epoch 21
Experiment Key: f4128137066c415ea51ea3b15bdab531
Epoch 22/50
Model saved as latest.pt at epoch 22
Experiment Key: f4128137066c415ea51ea3b15bdab531
Epoch 23/50
Model saved as latest.pt at epoch 23
Experiment Key: f4128137066c415ea51ea3b15bdab531
Epoch 24/50
Model saved as latest.pt at epoch 24
Experiment Key: f4128137066c415ea51ea3b15bdab531
Epoch 25/50
Model saved as latest.pt at epoch 25
Experiment Key: f4128137066c415ea51ea3b15bdab531
Epoch 26/50
Model saved as latest.pt at epoch 26
Experiment Key: f4128137066c415ea51ea3b15bdab531
Epoch 27/50
Model saved as latest.pt at epoch 27
Experiment Key: f4128137066c415ea51ea3b15bdab531
Epoch 28/50
Model saved as latest.pt at epoch 28
Experiment Key: f4128137066c415ea51ea3b15bdab531
Epoch 29/50
Model saved as latest.pt at epoch 29
Experiment Key: f4128137066c415ea51ea3b15bdab531
Epoch 30/50
Model saved as latest.pt at epoch 30
Experiment Key: f4128137066c415ea51ea3b15bdab531
Epoch 31/50
Model saved as latest.pt at epoch 31
Experiment Key: f4128137066c415ea51ea3b15bdab531
Epoch 32/50
Model saved as latest.pt at epoch 32
Experiment Key: f4128137066c415ea51ea3b15bdab531
Epoch 33/50
Model saved as latest.pt at epoch 33
Experiment Key: f4128137066c415ea51ea3b15bdab531
Epoch 34/50
Model saved as latest.pt at epoch 34
Experiment Key: f4128137066c415ea51ea3b15bdab531
Epoch 35/50
Model saved as latest.pt at epoch 35
Experiment Key: f4128137066c415ea51ea3b15bdab531
Epoch 36/50
Model saved as latest.pt at epoch 36
Experiment Key: f4128137066c415ea51ea3b15bdab531
Epoch 37/50
Model saved as latest.pt at epoch 37
Experiment Key: f4128137066c415ea51ea3b15bdab531
Epoch 38/50
Model saved as latest.pt at epoch 38
Experiment Key: f4128137066c415ea51ea3b15bdab531
Epoch 39/50
Model saved as latest.pt at epoch 39
Experiment Key: f4128137066c415ea51ea3b15bdab531
Epoch 40/50
Model saved as latest.pt at epoch 40
Experiment Key: f4128137066c415ea51ea3b15bdab531
Epoch 41/50
Model saved as latest.pt at epoch 41
Experiment Key: f4128137066c415ea51ea3b15bdab531
Epoch 42/50
Model saved as latest.pt at epoch 42
Experiment Key: f4128137066c415ea51ea3b15bdab531
Epoch 43/50
Model saved as latest.pt at epoch 43
Experiment Key: f4128137066c415ea51ea3b15bdab531
Epoch 44/50
Model saved as latest.pt at epoch 44
Experiment Key: f4128137066c415ea51ea3b15bdab531
Epoch 45/50
Model saved as latest.pt at epoch 45
Experiment Key: f4128137066c415ea51ea3b15bdab531
Epoch 46/50
Model saved as latest.pt at epoch 46
Experiment Key: f4128137066c415ea51ea3b15bdab531
Epoch 47/50
Model saved as latest.pt at epoch 47
Experiment Key: f4128137066c415ea51ea3b15bdab531
Epoch 48/50
Model saved as latest.pt at epoch 48
Experiment Key: f4128137066c415ea51ea3b15bdab531
Epoch 49/50
Model saved as latest.pt at epoch 49
Experiment Key: f4128137066c415ea51ea3b15bdab531
Epoch 50/50
Model saved as latest.pt at epoch 50
Experiment Key: f4128137066c415ea51ea3b15bdab531
